<?xml version="1.0" encoding="UTF-8"?>
<coverage generated="1750685463013" clover="3.2.0">
  <project timestamp="1750685463014" name="All files">
    <metrics statements="35" coveredstatements="31" conditionals="2" coveredconditionals="1" methods="7" coveredmethods="4" elements="44" coveredelements="36" complexity="0" loc="35" ncloc="35" packages="3" files="3" classes="3"/>
    <package name="server">
      <metrics statements="15" coveredstatements="11" conditionals="2" coveredconditionals="1" methods="3" coveredmethods="0"/>
      <file name="server.js" path="D:\book management system\server\server.js">
        <metrics statements="15" coveredstatements="11" conditionals="2" coveredconditionals="1" methods="3" coveredmethods="0"/>
        <line num="1" count="1" type="stmt"/>
        <line num="2" count="1" type="stmt"/>
        <line num="3" count="1" type="stmt"/>
        <line num="4" count="1" type="stmt"/>
        <line num="6" count="1" type="stmt"/>
        <line num="8" count="1" type="stmt"/>
        <line num="9" count="1" type="stmt"/>
        <line num="10" count="1" type="stmt"/>
        <line num="13" count="1" type="stmt"/>
        <line num="16" count="1" type="stmt"/>
        <line num="19" count="1" type="cond" truecount="1" falsecount="1"/>
        <line num="20" count="0" type="stmt"/>
        <line num="22" count="0" type="stmt"/>
        <line num="23" count="0" type="stmt"/>
        <line num="26" count="0" type="stmt"/>
      </file>
    </package>
    <package name="server.models">
      <metrics statements="3" coveredstatements="3" conditionals="0" coveredconditionals="0" methods="0" coveredmethods="0"/>
      <file name="Book.js" path="D:\book management system\server\models\Book.js">
        <metrics statements="3" coveredstatements="3" conditionals="0" coveredconditionals="0" methods="0" coveredmethods="0"/>
        <line num="1" count="3" type="stmt"/>
        <line num="3" count="3" type="stmt"/>
        <line num="10" count="3" type="stmt"/>
      </file>
    </package>
    <package name="server.routes">
      <metrics statements="17" coveredstatements="17" conditionals="0" coveredconditionals="0" methods="4" coveredmethods="4"/>
      <file name="bookRoutes.js" path="D:\book management system\server\routes\bookRoutes.js">
        <metrics statements="17" coveredstatements="17" conditionals="0" coveredconditionals="0" methods="4" coveredmethods="4"/>
        <line num="1" count="1" type="stmt"/>
        <line num="2" count="1" type="stmt"/>
        <line num="3" count="1" type="stmt"/>
        <line num="6" count="1" type="stmt"/>
        <line num="7" count="1" type="stmt"/>
        <line num="8" count="1" type="stmt"/>
        <line num="9" count="1" type="stmt"/>
        <line num="13" count="1" type="stmt"/>
        <line num="14" count="1" type="stmt"/>
        <line num="15" count="1" type="stmt"/>
        <line num="19" count="1" type="stmt"/>
        <line num="20" count="1" type="stmt"/>
        <line num="21" count="1" type="stmt"/>
        <line num="25" count="1" type="stmt"/>
        <line num="26" count="1" type="stmt"/>
        <line num="27" count="1" type="stmt"/>
        <line num="30" count="1" type="stmt"/>
      </file>
    </package>
  </project>
</coverage>
