{"D:\\book management system\\server\\server.js": {"path":"D:\\book management system\\server\\server.js","statementMap":{"0":{"start":{"line":1,"column":16},"end":{"line":1,"column":34}},"1":{"start":{"line":2,"column":17},"end":{"line":2,"column":36}},"2":{"start":{"line":3,"column":13},"end":{"line":3,"column":28}},"3":{"start":{"line":4,"column":13},"end":{"line":4,"column":28}},"4":{"start":{"line":5,"column":0},"end":{"line":5,"column":27}},"5":{"start":{"line":7,"column":19},"end":{"line":7,"column":49}},"6":{"start":{"line":9,"column":12},"end":{"line":9,"column":21}},"7":{"start":{"line":12,"column":0},"end":{"line":12,"column":16}},"8":{"start":{"line":13,"column":0},"end":{"line":13,"column":24}},"9":{"start":{"line":16,"column":0},"end":{"line":16,"column":34}},"10":{"start":{"line":20,"column":0},"end":{"line":20,"column":61}},"11":{"start":{"line":21,"column":0},"end":{"line":23,"column":3}},"12":{"start":{"line":22,"column":2},"end":{"line":22,"column":63}},"13":{"start":{"line":27,"column":18},"end":{"line":27,"column":47}},"14":{"start":{"line":28,"column":13},"end":{"line":28,"column":30}},"15":{"start":{"line":29,"column":20},"end":{"line":29,"column":59}},"16":{"start":{"line":30,"column":0},"end":{"line":35,"column":1}},"17":{"start":{"line":31,"column":26},"end":{"line":31,"column":48}},"18":{"start":{"line":32,"column":2},"end":{"line":32,"column":74}},"19":{"start":{"line":34,"column":2},"end":{"line":34,"column":71}},"20":{"start":{"line":38,"column":0},"end":{"line":38,"column":21}},"21":{"start":{"line":41,"column":0},"end":{"line":57,"column":1}},"22":{"start":{"line":42,"column":15},"end":{"line":42,"column":39}},"23":{"start":{"line":43,"column":20},"end":{"line":43,"column":41}},"24":{"start":{"line":45,"column":2},"end":{"line":56,"column":7}},"25":{"start":{"line":50,"column":6},"end":{"line":52,"column":9}},"26":{"start":{"line":51,"column":8},"end":{"line":51,"column":69}},"27":{"start":{"line":55,"column":6},"end":{"line":55,"column":65}}},"fnMap":{"0":{"name":"(anonymous_0)","decl":{"start":{"line":21,"column":13},"end":{"line":21,"column":14}},"loc":{"start":{"line":21,"column":27},"end":{"line":23,"column":1}},"line":21},"1":{"name":"(anonymous_1)","decl":{"start":{"line":49,"column":10},"end":{"line":49,"column":11}},"loc":{"start":{"line":49,"column":16},"end":{"line":53,"column":5}},"line":49},"2":{"name":"(anonymous_2)","decl":{"start":{"line":50,"column":23},"end":{"line":50,"column":24}},"loc":{"start":{"line":50,"column":29},"end":{"line":52,"column":7}},"line":50},"3":{"name":"(anonymous_3)","decl":{"start":{"line":54,"column":11},"end":{"line":54,"column":12}},"loc":{"start":{"line":54,"column":18},"end":{"line":56,"column":5}},"line":54}},"branchMap":{"0":{"loc":{"start":{"line":30,"column":0},"end":{"line":35,"column":1}},"type":"if","locations":[{"start":{"line":30,"column":0},"end":{"line":35,"column":1}},{"start":{"line":33,"column":7},"end":{"line":35,"column":1}}],"line":30},"1":{"loc":{"start":{"line":41,"column":0},"end":{"line":57,"column":1}},"type":"if","locations":[{"start":{"line":41,"column":0},"end":{"line":57,"column":1}},{"start":{},"end":{}}],"line":41},"2":{"loc":{"start":{"line":42,"column":15},"end":{"line":42,"column":39}},"type":"binary-expr","locations":[{"start":{"line":42,"column":15},"end":{"line":42,"column":31}},{"start":{"line":42,"column":35},"end":{"line":42,"column":39}}],"line":42}},"s":{"0":1,"1":1,"2":1,"3":1,"4":1,"5":1,"6":1,"7":1,"8":1,"9":1,"10":1,"11":1,"12":0,"13":1,"14":1,"15":1,"16":1,"17":1,"18":1,"19":0,"20":1,"21":1,"22":0,"23":0,"24":0,"25":0,"26":0,"27":0},"f":{"0":0,"1":0,"2":0,"3":0},"b":{"0":[1,0],"1":[0,1],"2":[0,0]},"_coverageSchema":"1a1c01bbd47fc00a2c39e90264f33305004495a9","hash":"0d3a0495fa823434da3e47eb97406f16722daa06"}
,"D:\\book management system\\server\\models\\Book.js": {"path":"D:\\book management system\\server\\models\\Book.js","statementMap":{"0":{"start":{"line":1,"column":17},"end":{"line":1,"column":36}},"1":{"start":{"line":3,"column":19},"end":{"line":8,"column":2}},"2":{"start":{"line":10,"column":0},"end":{"line":10,"column":52}}},"fnMap":{},"branchMap":{},"s":{"0":3,"1":3,"2":3},"f":{},"b":{},"_coverageSchema":"1a1c01bbd47fc00a2c39e90264f33305004495a9","hash":"de97089f9280b1d4dc35d8b6210bd4bb5b685107"}
,"D:\\book management system\\server\\routes\\bookRoutes.js": {"path":"D:\\book management system\\server\\routes\\bookRoutes.js","statementMap":{"0":{"start":{"line":1,"column":16},"end":{"line":1,"column":34}},"1":{"start":{"line":2,"column":15},"end":{"line":2,"column":31}},"2":{"start":{"line":3,"column":13},"end":{"line":3,"column":38}},"3":{"start":{"line":6,"column":0},"end":{"line":10,"column":3}},"4":{"start":{"line":7,"column":18},"end":{"line":7,"column":36}},"5":{"start":{"line":8,"column":2},"end":{"line":8,"column":23}},"6":{"start":{"line":9,"column":2},"end":{"line":9,"column":32}},"7":{"start":{"line":13,"column":0},"end":{"line":16,"column":3}},"8":{"start":{"line":14,"column":16},"end":{"line":14,"column":33}},"9":{"start":{"line":15,"column":2},"end":{"line":15,"column":18}},"10":{"start":{"line":19,"column":0},"end":{"line":22,"column":3}},"11":{"start":{"line":20,"column":15},"end":{"line":20,"column":83}},"12":{"start":{"line":21,"column":2},"end":{"line":21,"column":17}},"13":{"start":{"line":25,"column":0},"end":{"line":28,"column":3}},"14":{"start":{"line":26,"column":2},"end":{"line":26,"column":46}},"15":{"start":{"line":27,"column":2},"end":{"line":27,"column":53}},"16":{"start":{"line":30,"column":0},"end":{"line":30,"column":24}}},"fnMap":{"0":{"name":"(anonymous_0)","decl":{"start":{"line":6,"column":17},"end":{"line":6,"column":18}},"loc":{"start":{"line":6,"column":37},"end":{"line":10,"column":1}},"line":6},"1":{"name":"(anonymous_1)","decl":{"start":{"line":13,"column":16},"end":{"line":13,"column":17}},"loc":{"start":{"line":13,"column":36},"end":{"line":16,"column":1}},"line":13},"2":{"name":"(anonymous_2)","decl":{"start":{"line":19,"column":19},"end":{"line":19,"column":20}},"loc":{"start":{"line":19,"column":39},"end":{"line":22,"column":1}},"line":19},"3":{"name":"(anonymous_3)","decl":{"start":{"line":25,"column":22},"end":{"line":25,"column":23}},"loc":{"start":{"line":25,"column":42},"end":{"line":28,"column":1}},"line":25}},"branchMap":{},"s":{"0":1,"1":1,"2":1,"3":1,"4":0,"5":0,"6":0,"7":1,"8":0,"9":0,"10":1,"11":0,"12":0,"13":1,"14":0,"15":0,"16":1},"f":{"0":0,"1":0,"2":0,"3":0},"b":{},"_coverageSchema":"1a1c01bbd47fc00a2c39e90264f33305004495a9","hash":"1c3d4efa5dd7513c08c751abb74699a0b55647f8"}
}
